<?xml version="1.0" encoding="UTF-8"?>
<!-- Generated by org.testng.reporters.JUnitXMLReporter -->
<testsuite ignored="0" hostname="DESKTOP-6P4MI60" failures="0" tests="10" name="Default test" time="36.176" errors="0" timestamp="2024-07-09T00:35:13 EEST">
  <testcase classname="MyTestcase" name="checkThelanguage" time="0.035"/>
  <testcase classname="MyTestcase" name="checkThecurrencyIsSAR" time="0.085"/>
  <testcase classname="MyTestcase" name="checkContactNumberIsCorrect" time="0.022"/>
  <testcase classname="MyTestcase" name="ckeckIfQitafLogoIsExist" time="0.039"/>
  <testcase classname="MyTestcase" name="checkIfHotelTabIsNotSelected" time="0.031"/>
  <testcase classname="MyTestcase" name="changeTheLanguageOfWebsiteRandomly" time="2.962"/>
  <testcase classname="MyTestcase" name="hotelSelection" time="0.234"/>
  <testcase classname="MyTestcase" name="selectNumberOfPeopleRandomly" time="4.998"/>
  <testcase classname="MyTestcase" name="checkThePageIsFullyLoaded" time="15.098"/>
  <testcase classname="MyTestcase" name="checkIfItemsSortedFromLowestToHighest" time="0.648"/>
</testsuite> <!-- Default test -->
