<?xml version="1.0" encoding="UTF-8"?>
<testng-results ignored="0" total="10" passed="10" failed="0" skipped="0">
  <reporter-output>
  </reporter-output>
  <suite started-at="2024-07-09T00:34:36 EEST" name="Default suite" finished-at="2024-07-09T00:35:13 EEST" duration-ms="36176">
    <groups>
    </groups>
    <test started-at="2024-07-09T00:34:36 EEST" name="Default test" finished-at="2024-07-09T00:35:13 EEST" duration-ms="36176">
      <class name="MyTestcase">
        <test-method is-config="true" signature="setup()[pri:0, instance:MyTestcase@194bcebf]" started-at="2024-07-09T00:34:34 EEST" name="setup" finished-at="2024-07-09T00:34:36 EEST" duration-ms="2180" status="PASS">
          <reporter-output>
          </reporter-output>
        </test-method> <!-- setup -->
        <test-method is-config="true" signature="setUp()[pri:0, instance:MyTestcase@194bcebf]" started-at="2024-07-09T00:34:36 EEST" name="setUp" finished-at="2024-07-09T00:34:48 EEST" duration-ms="11988" status="PASS">
          <reporter-output>
          </reporter-output>
        </test-method> <!-- setUp -->
        <test-method signature="checkThelanguage()[pri:1, instance:MyTestcase@194bcebf]" started-at="2024-07-09T00:34:48 EEST" name="checkThelanguage" description="MainPageTest" finished-at="2024-07-09T00:34:48 EEST" duration-ms="35" status="PASS">
          <reporter-output>
          </reporter-output>
        </test-method> <!-- checkThelanguage -->
        <test-method signature="checkThecurrencyIsSAR()[pri:2, instance:MyTestcase@194bcebf]" started-at="2024-07-09T00:34:48 EEST" name="checkThecurrencyIsSAR" description="MainPageTest" finished-at="2024-07-09T00:34:48 EEST" duration-ms="85" status="PASS">
          <reporter-output>
          </reporter-output>
        </test-method> <!-- checkThecurrencyIsSAR -->
        <test-method signature="checkContactNumberIsCorrect()[pri:3, instance:MyTestcase@194bcebf]" started-at="2024-07-09T00:34:48 EEST" name="checkContactNumberIsCorrect" description="MainPageTest" finished-at="2024-07-09T00:34:48 EEST" duration-ms="22" status="PASS">
          <reporter-output>
          </reporter-output>
        </test-method> <!-- checkContactNumberIsCorrect -->
        <test-method signature="ckeckIfQitafLogoIsExist()[pri:4, instance:MyTestcase@194bcebf]" started-at="2024-07-09T00:34:48 EEST" name="ckeckIfQitafLogoIsExist" description="MainPageTest" finished-at="2024-07-09T00:34:49 EEST" duration-ms="39" status="PASS">
          <reporter-output>
          </reporter-output>
        </test-method> <!-- ckeckIfQitafLogoIsExist -->
        <test-method signature="checkIfHotelTabIsNotSelected()[pri:5, instance:MyTestcase@194bcebf]" started-at="2024-07-09T00:34:49 EEST" name="checkIfHotelTabIsNotSelected" description="MainPageTest" finished-at="2024-07-09T00:34:49 EEST" duration-ms="31" status="PASS">
          <reporter-output>
          </reporter-output>
        </test-method> <!-- checkIfHotelTabIsNotSelected -->
        <test-method signature="changeTheLanguageOfWebsiteRandomly()[pri:6, instance:MyTestcase@194bcebf]" started-at="2024-07-09T00:34:49 EEST" name="changeTheLanguageOfWebsiteRandomly" description="MainPageTest" finished-at="2024-07-09T00:34:52 EEST" duration-ms="2962" status="PASS">
          <reporter-output>
          </reporter-output>
        </test-method> <!-- changeTheLanguageOfWebsiteRandomly -->
        <test-method signature="hotelSelection()[pri:7, instance:MyTestcase@194bcebf]" started-at="2024-07-09T00:34:52 EEST" name="hotelSelection" description="HotelPageTest" finished-at="2024-07-09T00:34:52 EEST" duration-ms="234" status="PASS">
          <reporter-output>
          </reporter-output>
        </test-method> <!-- hotelSelection -->
        <test-method signature="selectNumberOfPeopleRandomly()[pri:8, instance:MyTestcase@194bcebf]" started-at="2024-07-09T00:34:52 EEST" name="selectNumberOfPeopleRandomly" description="description=HotelPageTest" finished-at="2024-07-09T00:34:57 EEST" duration-ms="4998" status="PASS">
          <reporter-output>
          </reporter-output>
        </test-method> <!-- selectNumberOfPeopleRandomly -->
        <test-method signature="checkThePageIsFullyLoaded()[pri:9, instance:MyTestcase@194bcebf]" started-at="2024-07-09T00:34:57 EEST" name="checkThePageIsFullyLoaded" description="description=HotelPageTest" finished-at="2024-07-09T00:35:12 EEST" duration-ms="15098" status="PASS">
          <reporter-output>
          </reporter-output>
        </test-method> <!-- checkThePageIsFullyLoaded -->
        <test-method signature="checkIfItemsSortedFromLowestToHighest()[pri:10, instance:MyTestcase@194bcebf]" started-at="2024-07-09T00:35:12 EEST" name="checkIfItemsSortedFromLowestToHighest" description="description=HotelPageTest" finished-at="2024-07-09T00:35:13 EEST" duration-ms="648" status="PASS">
          <reporter-output>
          </reporter-output>
        </test-method> <!-- checkIfItemsSortedFromLowestToHighest -->
        <test-method is-config="true" signature="tearDown()[pri:0, instance:MyTestcase@194bcebf]" started-at="2024-07-09T00:35:13 EEST" name="tearDown" finished-at="2024-07-09T00:35:13 EEST" duration-ms="257" status="PASS">
          <reporter-output>
          </reporter-output>
        </test-method> <!-- tearDown -->
      </class> <!-- MyTestcase -->
    </test> <!-- Default test -->
  </suite> <!-- Default suite -->
</testng-results>
